17/06/2009 14:09:10 (Std) 	+-+-+-+-+-+-+-+-+-+-+-+-+-+-+-+-+-+-+-+-+-+-+-+-+-+-+-+-+-+-+-+-+-+-+-+-+-+-+-+
17/06/2009 14:09:10 (Std) 	+                     Crazy Eddie's GUI System - Event log                    +
17/06/2009 14:09:10 (Std) 	+                          (http://www.cegui.org.uk/)                         +
17/06/2009 14:09:10 (Std) 	+-+-+-+-+-+-+-+-+-+-+-+-+-+-+-+-+-+-+-+-+-+-+-+-+-+-+-+-+-+-+-+-+-+-+-+-+-+-+-+

17/06/2009 14:09:10 (Std) 	CEGUI::Logger singleton created. (0x8d93530)
17/06/2009 14:09:10 (Std) 	---- Begining CEGUI System initialisation ----
17/06/2009 14:09:10 (Std) 	CEGUI::ImagesetManager singleton created (0x8d937f8)
17/06/2009 14:09:10 (Std) 	CEGUI::FontManager singleton created. (0x8d94490)
17/06/2009 14:09:10 (Std) 	CEGUI::WindowFactoryManager singleton created
17/06/2009 14:09:10 (Std) 	CEGUI::WindowManager singleton created (0x8d94500)
17/06/2009 14:09:10 (Std) 	CEGUI::SchemeManager singleton created. (0x8d94530)
17/06/2009 14:09:10 (Std) 	CEGUI::MouseCursor singleton created. (0x8d93b38)
17/06/2009 14:09:10 (Std) 	CEGUI::GlobalEventSet singleton created. (0x8d93b90)
17/06/2009 14:09:10 (Std) 	CEGUI::WidgetLookManager singleton created. (0x8d94550)
17/06/2009 14:09:10 (Std) 	CEGUI::WindowRendererManager singleton created (0x8d93bf8)
17/06/2009 14:09:10 (Std) 	WindowFactory for 'DefaultWindow' windows added. (0xb7b58560)
17/06/2009 14:09:10 (Std) 	WindowFactory for 'DragContainer' windows added. (0xb7b584a0)
17/06/2009 14:09:10 (Std) 	WindowFactory for 'ScrolledContainer' windows added. (0xb7b583e0)
17/06/2009 14:09:10 (Std) 	WindowFactory for 'ClippedContainer' windows added. (0xb7b58320)
17/06/2009 14:09:10 (Std) 	WindowFactory for 'CEGUI/Checkbox' windows added. (0xb7b58260)
17/06/2009 14:09:10 (Std) 	WindowFactory for 'CEGUI/PushButton' windows added. (0xb7b57720)
17/06/2009 14:09:10 (Std) 	WindowFactory for 'CEGUI/RadioButton' windows added. (0xb7b57660)
17/06/2009 14:09:10 (Std) 	WindowFactory for 'CEGUI/Combobox' windows added. (0xb7b580e0)
17/06/2009 14:09:10 (Std) 	WindowFactory for 'CEGUI/ComboDropList' windows added. (0xb7b581a0)
17/06/2009 14:09:10 (Std) 	WindowFactory for 'CEGUI/Editbox' windows added. (0xb7b58020)
17/06/2009 14:09:10 (Std) 	WindowFactory for 'CEGUI/FrameWindow' windows added. (0xb7b57f60)
17/06/2009 14:09:10 (Std) 	WindowFactory for 'CEGUI/ItemEntry' windows added. (0xb7b57ea0)
17/06/2009 14:09:10 (Std) 	WindowFactory for 'CEGUI/Listbox' windows added. (0xb7b57c60)
17/06/2009 14:09:10 (Std) 	WindowFactory for 'CEGUI/ListHeader' windows added. (0xb7b57de0)
17/06/2009 14:09:10 (Std) 	WindowFactory for 'CEGUI/ListHeaderSegment' windows added. (0xb7b57d20)
17/06/2009 14:09:10 (Std) 	WindowFactory for 'CEGUI/Menubar' windows added. (0xb7b57ae0)
17/06/2009 14:09:10 (Std) 	WindowFactory for 'CEGUI/PopupMenu' windows added. (0xb7b578a0)
17/06/2009 14:09:10 (Std) 	WindowFactory for 'CEGUI/MenuItem' windows added. (0xb7b57ba0)
17/06/2009 14:09:10 (Std) 	WindowFactory for 'CEGUI/MultiColumnList' windows added. (0xb7b57a20)
17/06/2009 14:09:10 (Std) 	WindowFactory for 'CEGUI/MultiLineEditbox' windows added. (0xb7b57960)
17/06/2009 14:09:10 (Std) 	WindowFactory for 'CEGUI/ProgressBar' windows added. (0xb7b577e0)
17/06/2009 14:09:10 (Std) 	WindowFactory for 'CEGUI/ScrollablePane' windows added. (0xb7b575a0)
17/06/2009 14:09:10 (Std) 	WindowFactory for 'CEGUI/Scrollbar' windows added. (0xb7b574e0)
17/06/2009 14:09:10 (Std) 	WindowFactory for 'CEGUI/Slider' windows added. (0xb7b57420)
17/06/2009 14:09:10 (Std) 	WindowFactory for 'CEGUI/Spinner' windows added. (0xb7b57360)
17/06/2009 14:09:10 (Std) 	WindowFactory for 'CEGUI/TabButton' windows added. (0xb7b572a0)
17/06/2009 14:09:10 (Std) 	WindowFactory for 'CEGUI/TabControl' windows added. (0xb7b571e0)
17/06/2009 14:09:10 (Std) 	WindowFactory for 'CEGUI/Thumb' windows added. (0xb7b57120)
17/06/2009 14:09:10 (Std) 	WindowFactory for 'CEGUI/Titlebar' windows added. (0xb7b57060)
17/06/2009 14:09:10 (Std) 	WindowFactory for 'CEGUI/Tooltip' windows added. (0xb7b56fa0)
17/06/2009 14:09:10 (Std) 	WindowFactory for 'CEGUI/ItemListbox' windows added. (0xb7b56ee0)
17/06/2009 14:09:10 (Std) 	WindowFactory for 'CEGUI/GroupBox' windows added. (0xb7b56e20)
17/06/2009 14:09:10 (Std) 	WindowFactory for 'CEGUI/Tree' windows added. (0xb7b56d60)
17/06/2009 14:09:10 (Std) 	Window type alias named 'DefaultGUISheet' added for window type 'DefaultWindow'.
17/06/2009 14:09:10 (Std) 	CEGUI::System singleton created. (0x8d93068)
17/06/2009 14:09:10 (Std) 	---- CEGUI System initialisation completed ----
17/06/2009 14:09:10 (Std) 	---- Version 0.6.2 ----
17/06/2009 14:09:10 (Std) 	---- Renderer module is: CEGUI::OgreRenderer - Official Ogre based renderer module for CEGUI ----
17/06/2009 14:09:10 (Std) 	---- XML Parser module is: CEGUI::TinyXMLParser - Official tinyXML based parser module for CEGUI ----
17/06/2009 14:09:10 (Std) 	---- Scripting module is: None ----
