This file contains any messages produced by compilers while
running configure, to aid debugging if configure makes a mistake.

It was created by tetrabot configure 0.1, which was
generated by GNU Autoconf 2.63.  Invocation command line was

  $ ./configure 

## --------- ##
## Platform. ##
## --------- ##

hostname = warana
uname -m = i686
uname -r = 2.6.28-11-generic
uname -s = Linux
uname -v = #42-Ubuntu SMP Fri Apr 17 01:57:59 UTC 2009

/usr/bin/uname -p = unknown
/bin/uname -X     = unknown

/bin/arch              = unknown
/usr/bin/arch -k       = unknown
/usr/convex/getsysinfo = unknown
/usr/bin/hostinfo      = unknown
/bin/machine           = unknown
/usr/bin/oslevel       = unknown
/bin/universe          = unknown

PATH: /usr/local/sbin
PATH: /usr/local/bin
PATH: /usr/sbin
PATH: /usr/bin
PATH: /sbin
PATH: /bin
PATH: /usr/games
PATH: /home/pantoufle/gnuarm-3.3.3/bin


## ----------- ##
## Core tests. ##
## ----------- ##

configure:1905: checking for a BSD-compatible install
configure:1973: result: /usr/bin/install -c
configure:1984: checking whether build environment is sane
configure:2027: result: yes
configure:2052: checking for a thread-safe mkdir -p
configure:2091: result: /bin/mkdir -p
configure:2104: checking for gawk
configure:2120: found /usr/bin/gawk
configure:2131: result: gawk
configure:2142: checking whether make sets $(MAKE)
configure:2164: result: yes
configure:2408: checking for g++
configure:2424: found /usr/bin/g++
configure:2435: result: g++
configure:2462: checking for C++ compiler version
configure:2470: g++ --version >&5
g++ (Ubuntu 4.3.3-5ubuntu4) 4.3.3
Copyright (C) 2008 Free Software Foundation, Inc.
This is free software; see the source for copying conditions.  There is NO
warranty; not even for MERCHANTABILITY or FITNESS FOR A PARTICULAR PURPOSE.

configure:2474: $? = 0
configure:2481: g++ -v >&5
Using built-in specs.
Target: i486-linux-gnu
Configured with: ../src/configure -v --with-pkgversion='Ubuntu 4.3.3-5ubuntu4' --with-bugurl=file:///usr/share/doc/gcc-4.3/README.Bugs --enable-languages=c,c++,fortran,objc,obj-c++ --prefix=/usr --enable-shared --with-system-zlib --libexecdir=/usr/lib --without-included-gettext --enable-threads=posix --enable-nls --with-gxx-include-dir=/usr/include/c++/4.3 --program-suffix=-4.3 --enable-clocale=gnu --enable-libstdcxx-debug --enable-objc-gc --enable-mpfr --enable-targets=all --with-tune=generic --enable-checking=release --build=i486-linux-gnu --host=i486-linux-gnu --target=i486-linux-gnu
Thread model: posix
gcc version 4.3.3 (Ubuntu 4.3.3-5ubuntu4) 
configure:2485: $? = 0
configure:2492: g++ -V >&5
g++: '-V' option must have argument
configure:2496: $? = 1
configure:2519: checking for C++ compiler default output file name
configure:2541: g++    conftest.cpp  >&5
configure:2545: $? = 0
configure:2583: result: a.out
configure:2602: checking whether the C++ compiler works
configure:2612: ./a.out
configure:2616: $? = 0
configure:2635: result: yes
configure:2642: checking whether we are cross compiling
configure:2644: result: no
configure:2647: checking for suffix of executables
configure:2654: g++ -o conftest    conftest.cpp  >&5
configure:2658: $? = 0
configure:2684: result: 
configure:2690: checking for suffix of object files
configure:2716: g++ -c   conftest.cpp >&5
configure:2720: $? = 0
configure:2745: result: o
configure:2749: checking whether we are using the GNU C++ compiler
configure:2778: g++ -c   conftest.cpp >&5
configure:2785: $? = 0
configure:2802: result: yes
configure:2811: checking whether g++ accepts -g
configure:2841: g++ -c -g  conftest.cpp >&5
configure:2848: $? = 0
configure:2949: result: yes
configure:2983: checking for style of include used by make
configure:3011: result: GNU
configure:3036: checking dependency style of g++
configure:3127: result: gcc3
configure:3190: checking for gcc
configure:3206: found /usr/bin/gcc
configure:3217: result: gcc
configure:3449: checking for C compiler version
configure:3457: gcc --version >&5
gcc (Ubuntu 4.3.3-5ubuntu4) 4.3.3
Copyright (C) 2008 Free Software Foundation, Inc.
This is free software; see the source for copying conditions.  There is NO
warranty; not even for MERCHANTABILITY or FITNESS FOR A PARTICULAR PURPOSE.

configure:3461: $? = 0
configure:3468: gcc -v >&5
Using built-in specs.
Target: i486-linux-gnu
Configured with: ../src/configure -v --with-pkgversion='Ubuntu 4.3.3-5ubuntu4' --with-bugurl=file:///usr/share/doc/gcc-4.3/README.Bugs --enable-languages=c,c++,fortran,objc,obj-c++ --prefix=/usr --enable-shared --with-system-zlib --libexecdir=/usr/lib --without-included-gettext --enable-threads=posix --enable-nls --with-gxx-include-dir=/usr/include/c++/4.3 --program-suffix=-4.3 --enable-clocale=gnu --enable-libstdcxx-debug --enable-objc-gc --enable-mpfr --enable-targets=all --with-tune=generic --enable-checking=release --build=i486-linux-gnu --host=i486-linux-gnu --target=i486-linux-gnu
Thread model: posix
gcc version 4.3.3 (Ubuntu 4.3.3-5ubuntu4) 
configure:3472: $? = 0
configure:3479: gcc -V >&5
gcc: '-V' option must have argument
configure:3483: $? = 1
configure:3486: checking whether we are using the GNU C compiler
configure:3515: gcc -c   conftest.c >&5
configure:3522: $? = 0
configure:3539: result: yes
configure:3548: checking whether gcc accepts -g
configure:3578: gcc -c -g  conftest.c >&5
configure:3585: $? = 0
configure:3686: result: yes
configure:3703: checking for gcc option to accept ISO C89
configure:3777: gcc  -c -g -O2  conftest.c >&5
configure:3784: $? = 0
configure:3807: result: none needed
configure:3827: checking dependency style of gcc
configure:3918: result: gcc3
configure:3944: checking build system type
configure:3962: result: i686-pc-linux-gnu
configure:3984: checking host system type
configure:3999: result: i686-pc-linux-gnu

## ---------------- ##
## Cache variables. ##
## ---------------- ##

ac_cv_build=i686-pc-linux-gnu
ac_cv_c_compiler_gnu=yes
ac_cv_cxx_compiler_gnu=yes
ac_cv_env_CCC_set=
ac_cv_env_CCC_value=
ac_cv_env_CC_set=
ac_cv_env_CC_value=
ac_cv_env_CFLAGS_set=
ac_cv_env_CFLAGS_value=
ac_cv_env_CPPFLAGS_set=
ac_cv_env_CPPFLAGS_value=
ac_cv_env_CPP_set=
ac_cv_env_CPP_value=
ac_cv_env_CXXFLAGS_set=
ac_cv_env_CXXFLAGS_value=
ac_cv_env_CXX_set=
ac_cv_env_CXX_value=
ac_cv_env_LDFLAGS_set=
ac_cv_env_LDFLAGS_value=
ac_cv_env_LIBS_set=
ac_cv_env_LIBS_value=
ac_cv_env_build_alias_set=
ac_cv_env_build_alias_value=
ac_cv_env_host_alias_set=
ac_cv_env_host_alias_value=
ac_cv_env_target_alias_set=
ac_cv_env_target_alias_value=
ac_cv_host=i686-pc-linux-gnu
ac_cv_objext=o
ac_cv_path_install='/usr/bin/install -c'
ac_cv_path_mkdir=/bin/mkdir
ac_cv_prog_AWK=gawk
ac_cv_prog_ac_ct_CC=gcc
ac_cv_prog_ac_ct_CXX=g++
ac_cv_prog_cc_c89=
ac_cv_prog_cc_g=yes
ac_cv_prog_cxx_g=yes
ac_cv_prog_make_make_set=yes
am_cv_CC_dependencies_compiler_type=gcc3
am_cv_CXX_dependencies_compiler_type=gcc3

## ----------------- ##
## Output variables. ##
## ----------------- ##

ACLOCAL='${SHELL} /home/pantoufle/workspace/tetrabot/missing --run aclocal-1.10'
AMDEPBACKSLASH='\'
AMDEP_FALSE='#'
AMDEP_TRUE=''
AMTAR='${SHELL} /home/pantoufle/workspace/tetrabot/missing --run tar'
AS='as'
AUTOCONF='${SHELL} /home/pantoufle/workspace/tetrabot/missing --run autoconf'
AUTOHEADER='${SHELL} /home/pantoufle/workspace/tetrabot/missing --run autoheader'
AUTOMAKE='${SHELL} /home/pantoufle/workspace/tetrabot/missing --run automake-1.10'
AWK='gawk'
CC='gcc'
CCDEPMODE='depmode=gcc3'
CFLAGS='-g -O2'
CPP=''
CPPFLAGS=''
CXX='g++'
CXXDEPMODE='depmode=gcc3'
CXXFLAGS='-g -O2'
CYGPATH_W='echo'
DEFS=''
DEPDIR='.deps'
DLLTOOL=''
ECHO_C=''
ECHO_N='-n'
ECHO_T=''
EGREP=''
EXEEXT=''
GREP=''
INSTALL_DATA='${INSTALL} -m 644'
INSTALL_PROGRAM='${INSTALL}'
INSTALL_SCRIPT='${INSTALL}'
INSTALL_STRIP_PROGRAM='$(install_sh) -c -s'
LDFLAGS=''
LIBOBJS=''
LIBS=''
LTLIBOBJS=''
MAKEINFO='${SHELL} /home/pantoufle/workspace/tetrabot/missing --run makeinfo'
MKDIR_P='/bin/mkdir -p'
OBJDUMP=''
OBJEXT='o'
PACKAGE='tetrabot'
PACKAGE_BUGREPORT='pantoufle@tupi.fr'
PACKAGE_NAME='tetrabot'
PACKAGE_STRING='tetrabot 0.1'
PACKAGE_TARNAME='tetrabot'
PACKAGE_VERSION='0.1'
PATH_SEPARATOR=':'
SET_MAKE=''
SHELL='/bin/bash'
STRIP=''
VERSION='0.1'
ac_ct_CC='gcc'
ac_ct_CXX='g++'
am__fastdepCC_FALSE='#'
am__fastdepCC_TRUE=''
am__fastdepCXX_FALSE='#'
am__fastdepCXX_TRUE=''
am__include='include'
am__isrc=''
am__leading_dot='.'
am__quote=''
am__tar='${AMTAR} chof - "$$tardir"'
am__untar='${AMTAR} xf -'
bindir='${exec_prefix}/bin'
build='i686-pc-linux-gnu'
build_alias=''
build_cpu='i686'
build_os='linux-gnu'
build_vendor='pc'
datadir='${datarootdir}'
datarootdir='${prefix}/share'
docdir='${datarootdir}/doc/${PACKAGE_TARNAME}'
dvidir='${docdir}'
exec_prefix='NONE'
host='i686-pc-linux-gnu'
host_alias=''
host_cpu='i686'
host_os='linux-gnu'
host_vendor='pc'
htmldir='${docdir}'
includedir='${prefix}/include'
infodir='${datarootdir}/info'
install_sh='$(SHELL) /home/pantoufle/workspace/tetrabot/install-sh'
libdir='${exec_prefix}/lib'
libexecdir='${exec_prefix}/libexec'
localedir='${datarootdir}/locale'
localstatedir='${prefix}/var'
mandir='${datarootdir}/man'
mkdir_p='/bin/mkdir -p'
oldincludedir='/usr/include'
pdfdir='${docdir}'
prefix='NONE'
program_transform_name='s,x,x,'
psdir='${docdir}'
sbindir='${exec_prefix}/sbin'
sharedstatedir='${prefix}/com'
sysconfdir='${prefix}/etc'
target_alias=''

## ----------- ##
## confdefs.h. ##
## ----------- ##

#define PACKAGE_NAME "tetrabot"
#define PACKAGE_TARNAME "tetrabot"
#define PACKAGE_VERSION "0.1"
#define PACKAGE_STRING "tetrabot 0.1"
#define PACKAGE_BUGREPORT "pantoufle@tupi.fr"
#define PACKAGE "tetrabot"
#define VERSION "0.1"

configure: exit 258
