14:09:10: Creating resource group General
14:09:10: Creating resource group Internal
14:09:10: Creating resource group Autodetect
14:09:10: SceneManagerFactory for type 'DefaultSceneManager' registered.
14:09:10: Registering ResourceManager for type Material
14:09:10: Registering ResourceManager for type Mesh
14:09:10: Registering ResourceManager for type Skeleton
14:09:10: MovableObjectFactory for type 'ParticleSystem' registered.
14:09:10: OverlayElementFactory for type Panel registered.
14:09:10: OverlayElementFactory for type BorderPanel registered.
14:09:10: OverlayElementFactory for type TextArea registered.
14:09:10: Registering ResourceManager for type Font
14:09:10: ArchiveFactory for archive type FileSystem registered.
14:09:10: ArchiveFactory for archive type Zip registered.
14:09:10: FreeImage version: 3.10.0
14:09:10: This program uses FreeImage, a free, open source image library supporting all common bitmap formats. See http://freeimage.sourceforge.net for details
14:09:10: Supported formats: bmp,ico,jpg,jif,jpeg,jpe,jng,koa,iff,lbm,mng,pbm,pbm,pcd,pcx,pgm,pgm,png,ppm,ppm,ras,tga,targa,tif,tiff,wap,wbmp,wbm,psd,cut,xbm,xpm,gif,hdr,g3,sgi,exr,j2k,j2c,jp2
14:09:10: DDS codec registering
14:09:10: Registering ResourceManager for type HighLevelGpuProgram
14:09:10: Registering ResourceManager for type Compositor
14:09:10: MovableObjectFactory for type 'Entity' registered.
14:09:10: MovableObjectFactory for type 'Light' registered.
14:09:10: MovableObjectFactory for type 'BillboardSet' registered.
14:09:10: MovableObjectFactory for type 'ManualObject' registered.
14:09:10: MovableObjectFactory for type 'BillboardChain' registered.
14:09:10: MovableObjectFactory for type 'RibbonTrail' registered.
14:09:10: Loading library /usr/local/lib/OGRE/RenderSystem_GL.so
14:09:10: Installing plugin: GL RenderSystem
14:09:10: OpenGL Rendering Subsystem created.
14:09:10: Plugin successfully installed
14:09:10: Loading library /usr/local/lib/OGRE/Plugin_ParticleFX.so
14:09:10: Installing plugin: ParticleFX
14:09:10: Particle Emitter Type 'Point' registered
14:09:10: Particle Emitter Type 'Box' registered
14:09:10: Particle Emitter Type 'Ellipsoid' registered
14:09:10: Particle Emitter Type 'Cylinder' registered
14:09:10: Particle Emitter Type 'Ring' registered
14:09:10: Particle Emitter Type 'HollowEllipsoid' registered
14:09:10: Particle Affector Type 'LinearForce' registered
14:09:10: Particle Affector Type 'ColourFader' registered
14:09:10: Particle Affector Type 'ColourFader2' registered
14:09:10: Particle Affector Type 'ColourImage' registered
14:09:10: Particle Affector Type 'ColourInterpolator' registered
14:09:10: Particle Affector Type 'Scaler' registered
14:09:10: Particle Affector Type 'Rotator' registered
14:09:10: Particle Affector Type 'DirectionRandomiser' registered
14:09:10: Particle Affector Type 'DeflectorPlane' registered
14:09:10: Plugin successfully installed
14:09:10: Loading library /usr/local/lib/OGRE/Plugin_BSPSceneManager.so
14:09:10: Installing plugin: BSP Scene Manager
14:09:10: Plugin successfully installed
14:09:10: Loading library /usr/local/lib/OGRE/Plugin_OctreeSceneManager.so
14:09:10: Installing plugin: Octree & Terrain Scene Manager
14:09:10: Plugin successfully installed
14:09:10: *-*-* OGRE Initialising
14:09:10: *-*-* Version 1.6.1 (Shoggoth)
14:09:10: *** Initializing Rendering ***
14:09:10: CPU Identifier & Features
14:09:10: -------------------------
14:09:10:  *   CPU ID: GenuineIntel: Intel(R) Core(TM)2 Duo CPU     T9400  @ 2.53GHz
14:09:10:  *      SSE: yes
14:09:10:  *     SSE2: yes
14:09:10:  *     SSE3: yes
14:09:10:  *      MMX: yes
14:09:10:  *   MMXEXT: yes
14:09:10:  *    3DNOW: no
14:09:10:  * 3DNOWEXT: no
14:09:10:  *     CMOV: yes
14:09:10:  *      TSC: yes
14:09:10:  *      FPU: yes
14:09:10:  *      PRO: yes
14:09:10:  *       HT: no
14:09:10: -------------------------
14:09:10: ******************************
*** Starting GLX Subsystem ***
******************************
14:09:10: GLRenderSystem::_createRenderWindow "tetrabot", 800x600 windowed  miscParams: FSAA=4 displayFrequency=60 MHz gamma=No vsync=No 
14:09:10: OGRE EXCEPTION(6:FileNotFoundException): Cannot locate resource GLX_icon.png in resource group General or any other group. in ResourceGroupManager::openResource at OgreResourceGroupManager.cpp (line 753)
14:09:10: GLXWindow::create used FBConfigID = 161
14:09:10: GL_VERSION = 3.0.0 NVIDIA 180.44
14:09:10: GL_VENDOR = NVIDIA Corporation
14:09:10: GL_RENDERER = GeForce 9650M GT/PCI/SSE2
14:09:10: GL_EXTENSIONS = GL_ARB_color_buffer_float GL_ARB_depth_buffer_float GL_ARB_depth_texture GL_ARB_draw_buffers GL_ARB_draw_instanced GL_ARB_fragment_program GL_ARB_fragment_program_shadow GL_ARB_fragment_shader GL_ARB_half_float_pixel GL_ARB_half_float_vertex GL_ARB_framebuffer_object GL_ARB_geometry_shader4 GL_ARB_imaging GL_ARB_map_buffer_range GL_ARB_multisample GL_ARB_multitexture GL_ARB_occlusion_query GL_ARB_pixel_buffer_object GL_ARB_point_parameters GL_ARB_point_sprite GL_ARB_shadow GL_ARB_shader_objects GL_ARB_shading_language_100 GL_ARB_texture_border_clamp GL_ARB_texture_buffer_object GL_ARB_texture_compression GL_ARB_texture_cube_map GL_ARB_texture_env_add GL_ARB_texture_env_combine GL_ARB_texture_env_dot3 GL_ARB_texture_float GL_ARB_texture_mirrored_repeat GL_ARB_texture_non_power_of_two GL_ARB_texture_rectangle GL_ARB_texture_rg GL_ARB_transpose_matrix GL_ARB_vertex_array_object GL_ARB_vertex_buffer_object GL_ARB_vertex_program GL_ARB_vertex_shader GL_ARB_window_pos GL_ATI_draw_buffers GL_ATI_texture_float GL_ATI_texture_mirror_once GL_S3_s3tc GL_EXT_texture_env_add GL_EXT_abgr GL_EXT_bgra GL_EXT_blend_color GL_EXT_blend_equation_separate GL_EXT_blend_func_separate GL_EXT_blend_minmax GL_EXT_blend_subtract GL_EXT_compiled_vertex_array GL_EXT_Cg_shader GL_EXT_bindable_uniform GL_EXT_depth_bounds_test GL_EXT_direct_state_access GL_EXT_draw_buffers2 GL_EXT_draw_instanced GL_EXT_draw_range_elements GL_EXT_fog_coord GL_EXT_framebuffer_blit GL_EXT_framebuffer_multisample GL_EXT_framebuffer_object GL_EXTX_framebuffer_mixed_formats GL_EXT_framebuffer_sRGB GL_EXT_geometry_shader4 GL_EXT_gpu_program_parameters GL_EXT_gpu_shader4 GL_EXT_multi_draw_arrays GL_EXT_packed_depth_stencil GL_EXT_packed_float GL_EXT_packed_pixels GL_EXT_pixel_buffer_object GL_EXT_point_parameters GL_EXT_rescale_normal GL_EXT_secondary_color GL_EXT_separate_specular_color GL_EXT_shadow_funcs GL_EXT_stencil_two_side GL_EXT_stencil_wrap GL_EXT_texture3D GL_EXT_texture_array GL_EXT_texture_buffer_object GL_EXT_texture_compression_latc GL_EXT_texture_compression_rgtc GL_EXT_texture_compression_s3tc GL_EXT_texture_cube_map GL_EXT_texture_edge_clamp GL_EXT_texture_env_combine GL_EXT_texture_env_dot3 GL_EXT_texture_filter_anisotropic GL_EXT_texture_integer GL_EXT_texture_lod GL_EXT_texture_lod_bias GL_EXT_texture_mirror_clamp GL_EXT_texture_object GL_EXT_texture_sRGB GL_EXT_texture_swizzle GL_EXT_texture_shared_exponent GL_EXT_timer_query GL_EXT_vertex_array GL_EXT_vertex_array_bgra GL_IBM_rasterpos_clip GL_IBM_texture_mirrored_repeat GL_KTX_buffer_region GL_NV_blend_square GL_NV_copy_depth_to_color GL_NV_depth_buffer_float GL_NV_conditional_render GL_NV_depth_clamp GL_NV_explicit_multisample GL_NV_fence GL_NV_float_buffer GL_NV_fog_distance GL_NV_fragment_program GL_NV_fragment_program_option GL_NV_fragment_program2 GL_NV_framebuffer_multisample_coverage GL_NV_geometry_shader4 GL_NV_gpu_program4 GL_NV_half_float GL_NV_light_max_exponent GL_NV_multisample_coverage GL_NV_multisample_filter_hint GL_NV_occlusion_query GL_NV_packed_depth_stencil GL_NV_parameter_buffer_object GL_NV_pixel_data_range GL_NV_point_sprite GL_NV_primitive_restart GL_NV_register_combiners GL_NV_register_combiners2 GL_NV_texgen_reflection GL_NV_texture_compression_vtc GL_NV_texture_env_combine4 GL_NV_texture_expand_normal GL_NV_texture_rectangle GL_NV_texture_shader GL_NV_texture_shader2 GL_NV_texture_shader3 GL_NV_transform_feedback GL_NV_vertex_array_range GL_NV_vertex_array_range2 GL_NV_vertex_program GL_NV_vertex_program1_1 GL_NV_vertex_program2 GL_NV_vertex_program2_option GL_NV_vertex_program3 GL_NVX_conditional_render GL_SGIS_generate_mipmap GL_SGIS_texture_lod GL_SGIX_depth_texture GL_SGIX_shadow GL_SUN_slice_accum 
14:09:10: Supported GLX extensions: GLX_EXT_visual_info GLX_EXT_visual_rating GLX_SGIX_fbconfig GLX_SGIX_pbuffer GLX_SGI_video_sync GLX_SGI_swap_control GLX_EXT_texture_from_pixmap GLX_ARB_create_context GLX_ARB_multisample GLX_NV_float_buffer GLX_ARB_fbconfig_float GLX_EXT_framebuffer_sRGB GLX_ARB_get_proc_address 
14:09:10: ***************************
14:09:10: *** GL Renderer Started ***
14:09:10: ***************************
14:09:10: Registering ResourceManager for type GpuProgram
14:09:10: GLSL support detected
14:09:10: GL: Using GL_EXT_framebuffer_object for rendering to textures (best)
14:09:10: FBO PF_UNKNOWN depth/stencil support: D16S0 D24S0 D32S0 Packed-D24S8 
14:09:10: FBO PF_L8 depth/stencil support: D0S0 D16S0 D24S0 D32S0 Packed-D24S8 
14:09:10: FBO PF_A8 depth/stencil support: D0S0 D16S0 D24S0 D32S0 Packed-D24S8 
14:09:10: FBO PF_A4L4 depth/stencil support: D0S0 D16S0 D24S0 D32S0 Packed-D24S8 
14:09:10: FBO PF_BYTE_LA depth/stencil support: D0S0 D16S0 D24S0 D32S0 Packed-D24S8 
14:09:10: FBO PF_R5G6B5 depth/stencil support: D0S0 D16S0 D24S0 D32S0 Packed-D24S8 
14:09:10: FBO PF_B5G6R5 depth/stencil support: D0S0 D16S0 D24S0 D32S0 Packed-D24S8 
14:09:10: FBO PF_A1R5G5B5 depth/stencil support: D0S0 D16S0 D24S0 D32S0 Packed-D24S8 
14:09:10: FBO PF_R8G8B8 depth/stencil support: D0S0 D16S0 D24S0 D32S0 Packed-D24S8 
14:09:10: FBO PF_B8G8R8 depth/stencil support: D0S0 D16S0 D24S0 D32S0 Packed-D24S8 
14:09:10: FBO PF_A8R8G8B8 depth/stencil support: D0S0 D16S0 D24S0 D32S0 Packed-D24S8 
14:09:10: FBO PF_B8G8R8A8 depth/stencil support: D0S0 D16S0 D24S0 D32S0 Packed-D24S8 
14:09:10: FBO PF_A2R10G10B10 depth/stencil support: D0S0 D16S0 D24S0 D32S0 Packed-D24S8 
14:09:10: FBO PF_A2B10G10R10 depth/stencil support: D0S0 D16S0 D24S0 D32S0 Packed-D24S8 
14:09:10: FBO PF_FLOAT16_RGB depth/stencil support: D0S0 D16S0 D24S0 D32S0 Packed-D24S8 
14:09:10: FBO PF_FLOAT16_RGBA depth/stencil support: D0S0 D16S0 D24S0 D32S0 Packed-D24S8 
14:09:10: FBO PF_FLOAT32_RGB depth/stencil support: D0S0 D16S0 D24S0 D32S0 Packed-D24S8 
14:09:10: FBO PF_FLOAT32_RGBA depth/stencil support: D0S0 D16S0 D24S0 D32S0 Packed-D24S8 
14:09:10: FBO PF_X8R8G8B8 depth/stencil support: D0S0 D16S0 D24S0 D32S0 Packed-D24S8 
14:09:10: FBO PF_X8B8G8R8 depth/stencil support: D0S0 D16S0 D24S0 D32S0 Packed-D24S8 
14:09:10: FBO PF_SHORT_RGBA depth/stencil support: D0S0 D16S0 D24S0 D32S0 Packed-D24S8 
14:09:10: FBO PF_R3G3B2 depth/stencil support: D0S0 D16S0 D24S0 D32S0 Packed-D24S8 
14:09:10: FBO PF_FLOAT16_R depth/stencil support: D0S0 D16S0 D24S0 D32S0 Packed-D24S8 
14:09:10: FBO PF_FLOAT32_R depth/stencil support: D0S0 D16S0 D24S0 D32S0 Packed-D24S8 
14:09:10: FBO PF_FLOAT16_GR depth/stencil support: D0S0 D16S0 D24S0 D32S0 Packed-D24S8 
14:09:10: FBO PF_FLOAT32_GR depth/stencil support: D0S0 D16S0 D24S0 D32S0 Packed-D24S8 
14:09:10: FBO PF_SHORT_RGB depth/stencil support: D0S0 D16S0 D24S0 D32S0 Packed-D24S8 
14:09:10: [GL] : Valid FBO targets PF_UNKNOWN PF_L8 PF_A8 PF_A4L4 PF_BYTE_LA PF_R5G6B5 PF_B5G6R5 PF_A1R5G5B5 PF_R8G8B8 PF_B8G8R8 PF_A8R8G8B8 PF_B8G8R8A8 PF_A2R10G10B10 PF_A2B10G10R10 PF_FLOAT16_RGB PF_FLOAT16_RGBA PF_FLOAT32_RGB PF_FLOAT32_RGBA PF_X8R8G8B8 PF_X8B8G8R8 PF_SHORT_RGBA PF_R3G3B2 PF_FLOAT16_R PF_FLOAT32_R PF_FLOAT16_GR PF_FLOAT32_GR PF_SHORT_RGB 
14:09:10: RenderSystem capabilities
14:09:10: -------------------------
14:09:10: RenderSystem Name: OpenGL Rendering Subsystem
14:09:10: GPU Vendor: nvidia
14:09:10: Device Name: GeForce 9650M GT/PCI/SSE2
14:09:10: Driver Version: 3.0.0.0
14:09:10:  * Fixed function pipeline: yes
14:09:10:  * Hardware generation of mipmaps: yes
14:09:10:  * Texture blending: yes
14:09:10:  * Anisotropic texture filtering: yes
14:09:10:  * Dot product texture operation: yes
14:09:10:  * Cube mapping: yes
14:09:10:  * Hardware stencil buffer: yes
14:09:10:    - Stencil depth: 8
14:09:10:    - Two sided stencil support: yes
14:09:10:    - Wrap stencil values: yes
14:09:10:  * Hardware vertex / index buffers: yes
14:09:10:  * Vertex programs: yes
14:09:10:  * Fragment programs: yes
14:09:10:  * Geometry programs: yes
14:09:10:  * Supported Shader Profiles: arbfp1 arbvp1 fp20 fp30 fp40 glsl gp4gp gpu_gp nvgp4 vp30 vp40
14:09:10:  * Texture Compression: yes
14:09:10:    - DXT: yes
14:09:10:    - VTC: yes
14:09:10:  * Scissor Rectangle: yes
14:09:10:  * Hardware Occlusion Query: yes
14:09:10:  * User clip planes: yes
14:09:10:  * VET_UBYTE4 vertex element type: yes
14:09:10:  * Infinite far plane projection: yes
14:09:10:  * Hardware render-to-texture: yes
14:09:10:  * Floating point textures: yes
14:09:10:  * Non-power-of-two textures: yes
14:09:10:  * Volume textures: yes
14:09:10:  * Multiple Render Targets: 8
14:09:10:    - With different bit depths: yes
14:09:10:  * Point Sprites: yes
14:09:10:  * Extended point parameters: yes
14:09:10:  * Max Point Size: 63.375
14:09:10:  * Vertex texture fetch: yes
14:09:10:    - Max vertex textures: 32
14:09:10:    - Vertex textures shared: yes
14:09:10:  * Render to Vertex Buffer : yes
14:09:10:  * GL 1.5 without VBO workaround: no
14:09:10:  * Frame Buffer objects: yes
14:09:10:  * Frame Buffer objects (ARB extension): no
14:09:10:  * Frame Buffer objects (ATI extension): no
14:09:10:  * PBuffer suppport: no
14:09:10:  * GL 1.5 without HW-occlusion workaround: no
14:09:10: Registering ResourceManager for type Texture
14:09:10: Using FSAA from GL_ARB_multisample extension.
14:09:10: ResourceBackgroundQueue - threading disabled
14:09:10: Particle Renderer Type 'billboard' registered
14:09:10: SceneManagerFactory for type 'BspSceneManager' registered.
14:09:10: Registering ResourceManager for type BspLevel
14:09:10: SceneManagerFactory for type 'OctreeSceneManager' registered.
14:09:10: SceneManagerFactory for type 'TerrainSceneManager' registered.
14:09:10: TerrainSceneManager: Registered a new PageSource for type Heightmap
14:09:10: Added resource location './data/models/' of type 'FileSystem' to resource group 'General'
14:09:10: Added resource location './data/terrains/' of type 'FileSystem' to resource group 'General'
14:09:10: Added resource location './data/skybox/' of type 'FileSystem' to resource group 'General'
14:09:10: Parsing scripts for resource group Autodetect
14:09:10: Finished parsing scripts for resource group Autodetect
14:09:10: Parsing scripts for resource group General
14:09:10: Parsing script Cylindre.material
14:09:10: Parsing script Sphere.material
14:09:10: Parsing script Ground.material
14:09:10: Parsing script Etoiles.material
14:09:10: Finished parsing scripts for resource group General
14:09:10: Parsing scripts for resource group Internal
14:09:10: Finished parsing scripts for resource group Internal
14:09:10: *** Initializing InputOutput ***
14:09:10: *** Initializing GUI ***
14:09:10: Mesh: Loading Sphere.mesh.
14:09:10: Mesh: Loading Ground.mesh.
14:09:11: Texture: Ground.jpg: Loading 1 faces(PF_R8G8B8,2560x1870x1) with 11 generated mipmaps from Image. Internal format is PF_X8R8G8B8,2560x1870x1.
14:09:11: Texture: Etoiles_fr.jpg: Loading 1 faces(PF_R8G8B8,512x512x1) with 9 generated mipmaps from Image. Internal format is PF_X8R8G8B8,512x512x1.
14:09:11: Texture: Etoiles_bk.jpg: Loading 1 faces(PF_R8G8B8,512x512x1) with 9 generated mipmaps from Image. Internal format is PF_X8R8G8B8,512x512x1.
14:09:11: Texture: Etoiles_lf.jpg: Loading 1 faces(PF_R8G8B8,512x512x1) with 9 generated mipmaps from Image. Internal format is PF_X8R8G8B8,512x512x1.
14:09:11: Texture: Etoiles_rt.jpg: Loading 1 faces(PF_R8G8B8,512x512x1) with 9 generated mipmaps from Image. Internal format is PF_X8R8G8B8,512x512x1.
14:09:11: Texture: Etoiles_up.jpg: Loading 1 faces(PF_R8G8B8,512x512x1) with 9 generated mipmaps from Image. Internal format is PF_X8R8G8B8,512x512x1.
14:09:11: Texture: Etoiles_dn.jpg: Loading 1 faces(PF_R8G8B8,512x512x1) with 9 generated mipmaps from Image. Internal format is PF_X8R8G8B8,512x512x1.
14:09:12: Mesh: Loading Cylindre.mesh.
14:09:12: Can't assign material PM002/SOLID to SubEntity of Piston0Cylindre0 because this Material does not exist. Have you forgotten to define it in a .material script?
14:09:12: Can't assign material PM002/SOLID to SubEntity of Piston0Cylindre1 because this Material does not exist. Have you forgotten to define it in a .material script?
14:09:12: Can't assign material PM002/SOLID to SubEntity of Piston0Cylindre2 because this Material does not exist. Have you forgotten to define it in a .material script?
14:09:12: Can't assign material PM002/SOLID to SubEntity of Piston1Cylindre0 because this Material does not exist. Have you forgotten to define it in a .material script?
14:09:12: Can't assign material PM002/SOLID to SubEntity of Piston1Cylindre1 because this Material does not exist. Have you forgotten to define it in a .material script?
14:09:12: Can't assign material PM002/SOLID to SubEntity of Piston1Cylindre2 because this Material does not exist. Have you forgotten to define it in a .material script?
14:09:12: Can't assign material PM002/SOLID to SubEntity of Piston2Cylindre0 because this Material does not exist. Have you forgotten to define it in a .material script?
14:09:12: Can't assign material PM002/SOLID to SubEntity of Piston2Cylindre1 because this Material does not exist. Have you forgotten to define it in a .material script?
14:09:12: Can't assign material PM002/SOLID to SubEntity of Piston2Cylindre2 because this Material does not exist. Have you forgotten to define it in a .material script?
14:09:12: Can't assign material PM002/SOLID to SubEntity of Piston3Cylindre0 because this Material does not exist. Have you forgotten to define it in a .material script?
14:09:12: Can't assign material PM002/SOLID to SubEntity of Piston3Cylindre1 because this Material does not exist. Have you forgotten to define it in a .material script?
14:09:12: Can't assign material PM002/SOLID to SubEntity of Piston3Cylindre2 because this Material does not exist. Have you forgotten to define it in a .material script?
14:09:12: Can't assign material PM002/SOLID to SubEntity of Piston4Cylindre0 because this Material does not exist. Have you forgotten to define it in a .material script?
14:09:12: Can't assign material PM002/SOLID to SubEntity of Piston4Cylindre1 because this Material does not exist. Have you forgotten to define it in a .material script?
14:09:12: Can't assign material PM002/SOLID to SubEntity of Piston4Cylindre2 because this Material does not exist. Have you forgotten to define it in a .material script?
14:09:12: Can't assign material PM002/SOLID to SubEntity of Piston5Cylindre0 because this Material does not exist. Have you forgotten to define it in a .material script?
14:09:12: Can't assign material PM002/SOLID to SubEntity of Piston5Cylindre1 because this Material does not exist. Have you forgotten to define it in a .material script?
14:09:12: Can't assign material PM002/SOLID to SubEntity of Piston5Cylindre2 because this Material does not exist. Have you forgotten to define it in a .material script?
14:09:12: Texture: spot_shadow_fade.png: Loading 1 faces(PF_R8G8B8,128x128x1) with 7 generated mipmaps from Image. Internal format is PF_X8R8G8B8,128x128x1.
14:09:42: Unregistering ResourceManager for type BspLevel
14:09:42: *-*-* OGRE Shutdown
14:09:42: Unregistering ResourceManager for type Compositor
14:09:42: Unregistering ResourceManager for type Font
14:09:42: Unregistering ResourceManager for type Skeleton
14:09:42: Unregistering ResourceManager for type Mesh
14:09:42: Unregistering ResourceManager for type HighLevelGpuProgram
14:09:42: Uninstalling plugin: Octree & Terrain Scene Manager
14:09:42: Plugin successfully uninstalled
14:09:42: Unloading library /usr/local/lib/OGRE/Plugin_OctreeSceneManager.so
14:09:42: Uninstalling plugin: BSP Scene Manager
14:09:42: Plugin successfully uninstalled
14:09:42: Unloading library /usr/local/lib/OGRE/Plugin_BSPSceneManager.so
14:09:42: Uninstalling plugin: ParticleFX
14:09:42: Plugin successfully uninstalled
14:09:42: Unloading library /usr/local/lib/OGRE/Plugin_ParticleFX.so
14:09:42: Uninstalling plugin: GL RenderSystem
14:09:42: Unregistering ResourceManager for type GpuProgram
14:09:42: ******************************
*** Stopping GLX Subsystem ***
******************************
14:09:42: Unregistering ResourceManager for type Texture
14:09:42: Plugin successfully uninstalled
14:09:42: Unloading library /usr/local/lib/OGRE/RenderSystem_GL.so
14:09:42: Unregistering ResourceManager for type Material
